#
# A fatal error has been detected by the Java Runtime Environment:
#
#  EXCEPTION_ACCESS_VIOLATION (0xc0000005) at pc=0x000007fef31bb88f, pid=20896, tid=20920
#
# JRE version: Java(TM) SE Runtime Environment (8.0_25-b18) (build 1.8.0_25-b18)
# Java VM: Java HotSpot(TM) 64-Bit Server VM (25.25-b02 mixed mode windows-amd64 compressed oops)
# Problematic frame:
# C  [atig6txx.dll+0xb88f]
#
# Failed to write core dump. Minidumps are not enabled by default on client versions of Windows
#
# If you would like to submit a bug report, please visit:
#   http://bugreport.sun.com/bugreport/crash.jsp
# The crash happened outside the Java Virtual Machine in native code.
# See problematic frame for where to report the bug.
#

---------------  T H R E A D  ---------------

Current thread (0x0000000001c7d800):  JavaThread "main" [_thread_in_native, id=20920, stack(0x00000000024c0000,0x00000000025c0000)]

siginfo: ExceptionCode=0xc0000005, reading address 0x0000000000000008

Registers:
RAX=0x0000000000000000, RBX=0x00000000025bd7f0, RCX=0x000000001fb2bad0, RDX=0x00000000025bd7f0
RSP=0x00000000025bd760, RBP=0x00000000025bd890, RSI=0x000000001ebd92a0, RDI=0x000000001ebd9638
R8 =0x0000000000000004, R9 =0x000000001fb2bad0, R10=0x0000000000000001, R11=0x00000000025bd7f4
R12=0x000000001fb44dc8, R13=0x0000000000000006, R14=0x000000001fb44db0, R15=0x0000000000080000
RIP=0x000007fef31bb88f, EFLAGS=0x0000000000010206

Top of Stack: (sp=0x00000000025bd760)
0x00000000025bd760:   00000000025bd7f0 00000000025bd890
0x00000000025bd770:   000000001ebd92a0 00000000025bdb00
0x00000000025bd780:   00000000025bdb00 0000000068723e90
0x00000000025bd790:   000000001fb44dc8 0000000040001e40
0x00000000025bd7a0:   0000000000000006 00000000025bdb10
0x00000000025bd7b0:   00000000025bda70 00000000025bd7d0
0x00000000025bd7c0:   00000000025bd7d4 000007fef31be6e6
0x00000000025bd7d0:   0000000c00000088 00000000ffffffff
0x00000000025bd7e0:   000000001fb45040 0000000005010004
0x00000000025bd7f0:   0000000040001e40 0000000900000088
0x00000000025bd800:   000000000000000c 0000000000000000
0x00000000025bd810:   0000000000000000 0000000000000000
0x00000000025bd820:   0000000000000000 0000000000000000
0x00000000025bd830:   0000000000000000 0000000000000000
0x00000000025bd840:   0000000000000000 0000000000000000
0x00000000025bd850:   0000000000000000 0000000000000000 

Instructions: (pc=0x000007fef31bb88f)
0x000007fef31bb86f:   cb 48 83 c4 20 5b 48 ff 25 14 7d 01 00 8b 03 48
0x000007fef31bb87f:   8d 54 24 38 89 44 24 38 e8 1c 46 00 00 48 8b d3
0x000007fef31bb88f:   48 8b 48 08 4c 8b c0 e8 d9 2b 00 00 48 83 c4 20
0x000007fef31bb89f:   5b c3 cc cc cc cc cc cc cc 48 ff 25 09 7e 01 00 


Register to memory mapping:

RAX=0x0000000000000000 is an unknown value
RBX=0x00000000025bd7f0 is pointing into the stack for thread: 0x0000000001c7d800
RCX=0x000000001fb2bad0 is an unknown value
RDX=0x00000000025bd7f0 is pointing into the stack for thread: 0x0000000001c7d800
RSP=0x00000000025bd760 is pointing into the stack for thread: 0x0000000001c7d800
RBP=0x00000000025bd890 is pointing into the stack for thread: 0x0000000001c7d800
RSI=0x000000001ebd92a0 is an unknown value
RDI=0x000000001ebd9638 is an unknown value
R8 =0x0000000000000004 is an unknown value
R9 =0x000000001fb2bad0 is an unknown value
R10=0x0000000000000001 is an unknown value
R11=0x00000000025bd7f4 is pointing into the stack for thread: 0x0000000001c7d800
R12=0x000000001fb44dc8 is an unknown value
R13=0x0000000000000006 is an unknown value
R14=0x000000001fb44db0 is an unknown value
R15=0x0000000000080000 is an unknown value


Stack: [0x00000000024c0000,0x00000000025c0000],  sp=0x00000000025bd760,  free space=1013k
Native frames: (J=compiled Java code, j=interpreted, Vv=VM code, C=native code)
C  [atig6txx.dll+0xb88f]
C  [atio6axx.dll+0xf3e90]
C  [atio6axx.dll+0xeffd38]
C  [atio6axx.dll+0xef364c]
C  [atio6axx.dll+0xef1b1f]
C  [atio6axx.dll+0xeec448]
C  [atio6axx.dll+0xeaac14]
C  [atio6axx.dll+0xeaaefa]
C  [atio6axx.dll+0xeae79f]
C  [atio6axx.dll+0x1d4e5b]
C  [atio6axx.dll+0xd3be10]
C  [atio6axx.dll+0xd3ab45]
C  [atio6axx.dll+0xd404ef]
C  [atio6axx.dll+0xc374a]
C  [atig6pxx.dll+0x4f20]
C  [OPENGL32.dll+0x282f0]
C  [OPENGL32.dll+0x28b75]
C  [lwjgl64.dll+0xd404]
C  0x00000000028a3894

Java frames: (J=compiled Java code, j=interpreted, Vv=VM code)
j  org.lwjgl.opengl.WindowsContextImplementation.nCreate(Ljava/nio/ByteBuffer;Ljava/nio/IntBuffer;Ljava/nio/ByteBuffer;)Ljava/nio/ByteBuffer;+0
j  org.lwjgl.opengl.WindowsContextImplementation.create(Lorg/lwjgl/opengl/PeerInfo;Ljava/nio/IntBuffer;Ljava/nio/ByteBuffer;)Ljava/nio/ByteBuffer;+10
j  org.lwjgl.opengl.ContextGL.<init>(Lorg/lwjgl/opengl/PeerInfo;Lorg/lwjgl/opengl/ContextAttribs;Lorg/lwjgl/opengl/ContextGL;)V+103
j  org.lwjgl.opengl.Display.create(Lorg/lwjgl/opengl/PixelFormat;Lorg/lwjgl/opengl/Drawable;Lorg/lwjgl/opengl/ContextAttribs;)V+102
j  org.lwjgl.opengl.Display.create(Lorg/lwjgl/opengl/PixelFormat;)V+12
j  org.newdawn.slick.AppGameContainer.tryCreateDisplay(Lorg/lwjgl/opengl/PixelFormat;)V+7
j  org.newdawn.slick.AppGameContainer.access$000(Lorg/newdawn/slick/AppGameContainer;Lorg/lwjgl/opengl/PixelFormat;)V+2
j  org.newdawn.slick.AppGameContainer$2.run()Ljava/lang/Object;+36
v  ~StubRoutines::call_stub
j  java.security.AccessController.doPrivileged(Ljava/security/PrivilegedAction;)Ljava/lang/Object;+0
j  org.newdawn.slick.AppGameContainer.setup()V+112
j  org.newdawn.slick.AppGameContainer.start()V+1
j  com.dalthow.test.Engine.main([Ljava/lang/String;)V+83
v  ~StubRoutines::call_stub

---------------  P R O C E S S  ---------------

Java Threads: ( => current thread )
  0x000000001dce8800 JavaThread "Service Thread" daemon [_thread_blocked, id=20988, stack(0x000000001e900000,0x000000001ea00000)]
  0x000000001dc80800 JavaThread "C1 CompilerThread2" daemon [_thread_blocked, id=20984, stack(0x000000001e7d0000,0x000000001e8d0000)]
  0x000000001dc78800 JavaThread "C2 CompilerThread1" daemon [_thread_blocked, id=20980, stack(0x000000001e650000,0x000000001e750000)]
  0x000000001dc71000 JavaThread "C2 CompilerThread0" daemon [_thread_blocked, id=20976, stack(0x000000001e0a0000,0x000000001e1a0000)]
  0x000000001dc6f800 JavaThread "Attach Listener" daemon [_thread_blocked, id=20972, stack(0x000000001e3f0000,0x000000001e4f0000)]
  0x000000001dc6e800 JavaThread "Signal Dispatcher" daemon [_thread_blocked, id=20968, stack(0x000000001e1b0000,0x000000001e2b0000)]
  0x000000001c23e800 JavaThread "Finalizer" daemon [_thread_blocked, id=20956, stack(0x000000001d8c0000,0x000000001d9c0000)]
  0x000000001c233800 JavaThread "Reference Handler" daemon [_thread_blocked, id=20952, stack(0x000000001db20000,0x000000001dc20000)]
=>0x0000000001c7d800 JavaThread "main" [_thread_in_native, id=20920, stack(0x00000000024c0000,0x00000000025c0000)]

Other Threads:
  0x000000001c22f800 VMThread [stack: 0x000000001d9c0000,0x000000001dac0000] [id=20948]
  0x000000001dd10800 WatcherThread [stack: 0x000000001e2d0000,0x000000001e3d0000] [id=20992]

VM state:not at safepoint (normal execution)

VM Mutex/Monitor currently owned by a thread: None

Heap:
 PSYoungGen      total 76288K, used 6569K [0x000000076ab00000, 0x0000000770000000, 0x00000007c0000000)
  eden space 65536K, 10% used [0x000000076ab00000,0x000000076b16a648,0x000000076eb00000)
  from space 10752K, 0% used [0x000000076f580000,0x000000076f580000,0x0000000770000000)
  to   space 10752K, 0% used [0x000000076eb00000,0x000000076eb00000,0x000000076f580000)
 ParOldGen       total 175104K, used 0K [0x00000006c0000000, 0x00000006cab00000, 0x000000076ab00000)
  object space 175104K, 0% used [0x00000006c0000000,0x00000006c0000000,0x00000006cab00000)
 Metaspace       used 3906K, capacity 5018K, committed 5120K, reserved 1056768K
  class space    used 438K, capacity 458K, committed 512K, reserved 1048576K

Card table byte_map: [0x0000000011c50000,0x0000000012460000] byte_map_base: 0x000000000e650000

Marking Bits: (ParMarkBitMap*) 0x000000005238d490
 Begin Bits: [0x0000000013050000, 0x0000000017050000)
 End Bits:   [0x0000000017050000, 0x000000001b050000)

Polling page: 0x0000000001c60000

CodeCache: size=245760Kb used=1474Kb max_used=1482Kb free=244285Kb
 bounds [0x0000000002890000, 0x0000000002b00000, 0x0000000011890000]
 total_blobs=483 nmethods=209 adapters=189
 compilation: enabled

Compilation events (10 events):
Event: 0.284 Thread 0x000000001dc80800  206       3       java.lang.reflect.Field::setFieldAccessor (34 bytes)
Event: 0.284 Thread 0x000000001dc80800 nmethod 206 0x00000000029ffb50 code [0x00000000029ffcc0, 0x0000000002a00068]
Event: 0.284 Thread 0x000000001dc80800  205       1       java.lang.reflect.Field::getDeclaringClass (5 bytes)
Event: 0.284 Thread 0x000000001dc80800 nmethod 205 0x0000000002a00190 code [0x0000000002a002e0, 0x0000000002a003f0]
Event: 0.284 Thread 0x000000001dc78800  207       4       java.lang.Math::min (11 bytes)
Event: 0.285 Thread 0x000000001dc78800 nmethod 207 0x0000000002a03090 code [0x0000000002a031c0, 0x0000000002a03218]
Event: 0.285 Thread 0x000000001dc80800  208       1       java.lang.reflect.Method::getName (5 bytes)
Event: 0.285 Thread 0x000000001dc80800 nmethod 208 0x0000000002a02dd0 code [0x0000000002a02f20, 0x0000000002a03030]
Event: 0.286 Thread 0x000000001dc80800  209       3       java.nio.Buffer::remaining (10 bytes)
Event: 0.286 Thread 0x000000001dc80800 nmethod 209 0x0000000002a022d0 code [0x0000000002a02420, 0x0000000002a02570]

GC Heap History (0 events):
No events

Deoptimization events (0 events):
No events

Internal exceptions (10 events):
Event: 0.277 Thread 0x0000000001c7d800 Exception <a 'java/security/PrivilegedActionException'> (0x000000076b06a400) thrown at [D:\re\workspace\8-2-build-windows-amd64-cygwin\jdk8u25\1677\hotspot\src\share\vm\prims\jvm.cpp, line 1312]
Event: 0.277 Thread 0x0000000001c7d800 Exception <a 'java/security/PrivilegedActionException'> (0x000000076b06e9a0) thrown at [D:\re\workspace\8-2-build-windows-amd64-cygwin\jdk8u25\1677\hotspot\src\share\vm\prims\jvm.cpp, line 1312]
Event: 0.278 Thread 0x0000000001c7d800 Exception <a 'java/security/PrivilegedActionException'> (0x000000076b079068) thrown at [D:\re\workspace\8-2-build-windows-amd64-cygwin\jdk8u25\1677\hotspot\src\share\vm\prims\jvm.cpp, line 1312]
Event: 0.279 Thread 0x0000000001c7d800 Exception <a 'java/security/PrivilegedActionException'> (0x000000076b07f5b0) thrown at [D:\re\workspace\8-2-build-windows-amd64-cygwin\jdk8u25\1677\hotspot\src\share\vm\prims\jvm.cpp, line 1312]
Event: 0.280 Thread 0x0000000001c7d800 Exception <a 'java/security/PrivilegedActionException'> (0x000000076b084de0) thrown at [D:\re\workspace\8-2-build-windows-amd64-cygwin\jdk8u25\1677\hotspot\src\share\vm\prims\jvm.cpp, line 1312]
Event: 0.284 Thread 0x0000000001c7d800 Exception <a 'java/security/PrivilegedActionException'> (0x000000076b09bfb8) thrown at [D:\re\workspace\8-2-build-windows-amd64-cygwin\jdk8u25\1677\hotspot\src\share\vm\prims\jvm.cpp, line 1312]
Event: 0.285 Thread 0x0000000001c7d800 Exception <a 'java/security/PrivilegedActionException'> (0x000000076b0a03e8) thrown at [D:\re\workspace\8-2-build-windows-amd64-cygwin\jdk8u25\1677\hotspot\src\share\vm\prims\jvm.cpp, line 1312]
Event: 0.289 Thread 0x0000000001c7d800 Exception <a 'java/security/PrivilegedActionException'> (0x000000076b0a78d0) thrown at [D:\re\workspace\8-2-build-windows-amd64-cygwin\jdk8u25\1677\hotspot\src\share\vm\prims\jvm.cpp, line 1312]
Event: 0.290 Thread 0x0000000001c7d800 Exception <a 'java/security/PrivilegedActionException'> (0x000000076b0aec90) thrown at [D:\re\workspace\8-2-build-windows-amd64-cygwin\jdk8u25\1677\hotspot\src\share\vm\prims\jvm.cpp, line 1312]
Event: 0.290 Thread 0x0000000001c7d800 Exception <a 'java/security/PrivilegedActionException'> (0x000000076b0b2340) thrown at [D:\re\workspace\8-2-build-windows-amd64-cygwin\jdk8u25\1677\hotspot\src\share\vm\prims\jvm.cpp, line 1312]

Events (10 events):
Event: 0.285 loading class org/lwjgl/opengl/WindowsKeyboard
Event: 0.285 loading class org/lwjgl/opengl/WindowsKeyboard done
Event: 0.289 loading class org/lwjgl/opengl/ContextGL
Event: 0.289 loading class org/lwjgl/opengl/ContextGL done
Event: 0.290 loading class org/lwjgl/opengl/ContextImplementation
Event: 0.290 loading class org/lwjgl/opengl/ContextImplementation done
Event: 0.290 loading class org/lwjgl/opengl/WindowsContextImplementation
Event: 0.290 loading class org/lwjgl/opengl/WindowsContextImplementation done
Event: 4.178 Executing VM operation: EnableBiasedLocking
Event: 4.179 Executing VM operation: EnableBiasedLocking done


Dynamic libraries:
0x000000013f7b0000 - 0x000000013f7e4000 	D:\Program Files\Java\jre1.8.0_25\bin\java.exe
0x00000000773c0000 - 0x0000000077569000 	C:\Windows\SYSTEM32\ntdll.dll
0x00000000772a0000 - 0x00000000773bf000 	C:\Windows\system32\kernel32.dll
0x000007fefd610000 - 0x000007fefd67c000 	C:\Windows\system32\KERNELBASE.dll
0x000007fefdbd0000 - 0x000007fefdcab000 	C:\Windows\system32\ADVAPI32.dll
0x000007fefe2e0000 - 0x000007fefe37f000 	C:\Windows\system32\msvcrt.dll
0x000007fefe530000 - 0x000007fefe54f000 	C:\Windows\SYSTEM32\sechost.dll
0x000007fefdd10000 - 0x000007fefde3d000 	C:\Windows\system32\RPCRT4.dll
0x00000000771a0000 - 0x000000007729a000 	C:\Windows\system32\USER32.dll
0x000007fefe270000 - 0x000007fefe2d7000 	C:\Windows\system32\GDI32.dll
0x000007feff6c0000 - 0x000007feff6ce000 	C:\Windows\system32\LPK.dll
0x000007fefd9f0000 - 0x000007fefdab9000 	C:\Windows\system32\USP10.dll
0x000007fefb880000 - 0x000007fefba74000 	C:\Windows\WinSxS\amd64_microsoft.windows.common-controls_6595b64144ccf1df_6.0.7601.17514_none_fa396087175ac9ac\COMCTL32.dll
0x000007fefe3c0000 - 0x000007fefe431000 	C:\Windows\system32\SHLWAPI.dll
0x000007fefe390000 - 0x000007fefe3be000 	C:\Windows\system32\IMM32.DLL
0x000007fefdac0000 - 0x000007fefdbc9000 	C:\Windows\system32\MSCTF.dll
0x0000000055b80000 - 0x0000000055c52000 	D:\Program Files\Java\jre1.8.0_25\bin\msvcr100.dll
0x0000000051bb0000 - 0x000000005240a000 	D:\Program Files\Java\jre1.8.0_25\bin\server\jvm.dll
0x000007fee98e0000 - 0x000007fee98e9000 	C:\Windows\system32\WSOCK32.dll
0x000007fefe440000 - 0x000007fefe48d000 	C:\Windows\system32\WS2_32.dll
0x000007fefe380000 - 0x000007fefe388000 	C:\Windows\system32\NSI.dll
0x000007fefab50000 - 0x000007fefab8b000 	C:\Windows\system32\WINMM.dll
0x0000000077590000 - 0x0000000077597000 	C:\Windows\system32\PSAPI.DLL
0x0000000052b80000 - 0x0000000052b8f000 	D:\Program Files\Java\jre1.8.0_25\bin\verify.dll
0x0000000052b50000 - 0x0000000052b78000 	D:\Program Files\Java\jre1.8.0_25\bin\java.dll
0x0000000052b30000 - 0x0000000052b46000 	D:\Program Files\Java\jre1.8.0_25\bin\zip.dll
0x000007fefe550000 - 0x000007feff2d8000 	C:\Windows\system32\SHELL32.dll
0x000007fefdf60000 - 0x000007fefe163000 	C:\Windows\system32\ole32.dll
0x000007fefd310000 - 0x000007fefd31f000 	C:\Windows\system32\profapi.dll
0x0000000180000000 - 0x000000018004e000 	D:\System\Users\Trevi\AppData\Roaming\Dalthow\test\target\natives\lwjgl64.dll
0x000007fef27e0000 - 0x000007fef28fd000 	C:\Windows\system32\OPENGL32.dll
0x000007fef4230000 - 0x000007fef425d000 	C:\Windows\system32\GLU32.dll
0x000007fedbeb0000 - 0x000007fedbfa1000 	C:\Windows\system32\DDRAW.dll
0x000007fefa0b0000 - 0x000007fefa0b8000 	C:\Windows\system32\DCIMAN32.dll
0x000007fefd810000 - 0x000007fefd9e7000 	C:\Windows\system32\SETUPAPI.dll
0x000007fefd3c0000 - 0x000007fefd3f6000 	C:\Windows\system32\CFGMGR32.dll
0x000007fefe190000 - 0x000007fefe267000 	C:\Windows\system32\OLEAUT32.dll
0x000007fefd6c0000 - 0x000007fefd6da000 	C:\Windows\system32\DEVOBJ.dll
0x000007fefaa60000 - 0x000007fefaa78000 	C:\Windows\system32\dwmapi.dll
0x000007fefc420000 - 0x000007fefc42c000 	C:\Windows\system32\VERSION.dll
0x000007fefaeb0000 - 0x000007fefaf06000 	C:\Windows\system32\uxtheme.dll
0x000007fef33a0000 - 0x000007fef341f000 	D:\System\Program Files\Common Files\microsoft shared\ink\tiptsf.dll
0x000007fef5580000 - 0x000007fef5598000 	C:\Windows\system32\atig6pxx.dll
0x0000000068630000 - 0x000000006a174000 	C:\Windows\system32\atio6axx.dll
0x000007fef9b40000 - 0x000007fef9c77000 	C:\Windows\system32\atiadlxx.dll
0x000007fefc050000 - 0x000007fefc17c000 	C:\Windows\system32\PROPSYS.dll
0x000007fefc660000 - 0x000007fefc67e000 	C:\Windows\system32\USERENV.dll
0x000007fefc520000 - 0x000007fefc531000 	C:\Windows\system32\WTSAPI32.dll
0x000007fefb7e0000 - 0x000007fefb807000 	C:\Windows\system32\IPHLPAPI.DLL
0x000007fefb7c0000 - 0x000007fefb7cb000 	C:\Windows\system32\WINNSI.DLL
0x000007fefd680000 - 0x000007fefd6ba000 	C:\Windows\system32\WINTRUST.dll
0x000007fefd400000 - 0x000007fefd56c000 	C:\Windows\system32\CRYPT32.dll
0x000007fefd3b0000 - 0x000007fefd3bf000 	C:\Windows\system32\MSASN1.dll
0x000007fef31b0000 - 0x000007fef31d9000 	C:\Windows\system32\atig6txx.dll
0x000007fefd240000 - 0x000007fefd24f000 	C:\Windows\system32\CRYPTBASE.dll
0x000007fefe490000 - 0x000007fefe529000 	C:\Windows\system32\CLBCatQ.DLL
0x000007fef9ca0000 - 0x000007fef9cf4000 	C:\Windows\system32\oleacc.dll
0x000007fee1030000 - 0x000007fee10cc000 	C:\Windows\system32\mscms.dll
0x000007fee0f90000 - 0x000007fee0fd2000 	C:\Windows\system32\icm32.dll
0x000007fee9050000 - 0x000007fee9175000 	C:\Windows\system32\dbghelp.dll

VM Arguments:
jvm_args: -Djava.library.path=D:\System\Users\Trevi\AppData\Roaming/Dalthow/Test/target/natives 
java_command: D:\System\Users\Trevi\AppData\Roaming/Dalthow/Test/game.jar -username=MattsMc -password=098f6bcd4621d373cade4e832627b4f6
java_class_path (initial): D:\System\Users\Trevi\AppData\Roaming/Dalthow/Test/game.jar
Launcher Type: SUN_STANDARD

Environment Variables:
JAVA_HOME=C:\Program Files\Java\jdk1.8.0_25
PATH=D:/System/Program Files/Java/jre1.8.0_25/bin/server;D:/System/Program Files/Java/jre1.8.0_25/bin;D:/System/Program Files/Java/jre1.8.0_25/lib/amd64;D:\System\ProgramData\Oracle\Java\javapath;C:\Windows\system32;C:\Windows;C:\Windows\System32\Wbem;C:\Windows\System32\WindowsPowerShell\v1.0\;C:\Program Files (x86)\ATI Technologies\ATI.ACE\Core-Static;C:\Program Files\Apache Maven\bin;C:\Program Files\Java\jdk1.8.0_25;C:\Program Files\Eclipse Luna;
USERNAME=Trevi
OS=Windows_NT
PROCESSOR_IDENTIFIER=AMD64 Family 16 Model 10 Stepping 0, AuthenticAMD



---------------  S Y S T E M  ---------------

OS: Windows 7 , 64 bit Build 7601 Service Pack 1

CPU:total 6 (6 cores per cpu, 1 threads per core) family 16 model 10 stepping 0, cmov, cx8, fxsr, mmx, sse, sse2, sse3, popcnt, mmxext, 3dnowpref, lzcnt, sse4a, tsc, tscinvbit, tscinv

Memory: 4k page, physical 16775352k(8529528k free), swap 33548840k(8787648k free)

vm_info: Java HotSpot(TM) 64-Bit Server VM (25.25-b02) for windows-amd64 JRE (1.8.0_25-b18), built on Oct  7 2014 14:25:37 by "java_re" with MS VC++ 10.0 (VS2010)

time: Sat Dec 06 15:01:47 2014
elapsed time: 20 seconds (0d 0h 0m 20s)

